<?xml version="1.0" encoding="UTF-8" standalone="yes"?><!DOCTYPE report PUBLIC "-//JACOCO//DTD Report 1.1//EN" "report.dtd"><report name="Aggregator"><sessioninfo id="NAG1-LHP-N76218-fb65a439" start="1664440691485" dump="1664440691886"/><sessioninfo id="NAG1-LHP-N76218-ef300cb4" start="1664441661481" dump="1664441661847"/><sessioninfo id="NAG1-LHP-N76218-adb03eac" start="1664441772423" dump="1664441772792"/><sessioninfo id="NAG1-LHP-N76218-5903f359" start="1664529546278" dump="1664529546646"/><sessioninfo id="NAG1-LHP-N76218-38d27fb2" start="1664609708241" dump="1664609708788"/><sessioninfo id="NAG1-LHP-N76218-bb24dc9e" start="1664619992799" dump="1664619993352"/><sessioninfo id="NAG1-LHP-N76218-c1affdf5" start="1664622357595" dump="1664622358019"/><sessioninfo id="NAG1-LHP-N76218-13b154eb" start="1664724129239" dump="1664724129661"/><sessioninfo id="NAG1-LHP-N76218-68d686fd" start="1664771365660" dump="1664771366357"/><sessioninfo id="NAG1-LHP-N76218-bb5661fd" start="1664856803595" dump="1664856804214"/></report>